{"/code/server.js": {"path":"/code/server.js","statementMap":{"0":{"start":{"line":1,"column":16},"end":{"line":1,"column":34}},"1":{"start":{"line":2,"column":15},"end":{"line":2,"column":24}},"2":{"start":{"line":3,"column":13},"end":{"line":3,"column":28}},"3":{"start":{"line":5,"column":0},"end":{"line":5,"column":19}},"4":{"start":{"line":6,"column":0},"end":{"line":6,"column":27}},"5":{"start":{"line":8,"column":19},"end":{"line":8,"column":50}},"6":{"start":{"line":9,"column":20},"end":{"line":9,"column":51}},"7":{"start":{"line":11,"column":0},"end":{"line":11,"column":33}},"8":{"start":{"line":12,"column":0},"end":{"line":12,"column":35}},"9":{"start":{"line":14,"column":0},"end":{"line":14,"column":64}},"10":{"start":{"line":14,"column":30},"end":{"line":14,"column":62}},"11":{"start":{"line":16,"column":0},"end":{"line":16,"column":24}}},"fnMap":{"0":{"name":"(anonymous_0)","decl":{"start":{"line":14,"column":16},"end":{"line":14,"column":17}},"loc":{"start":{"line":14,"column":30},"end":{"line":14,"column":62}},"line":14}},"branchMap":{},"s":{"0":3,"1":3,"2":3,"3":3,"4":3,"5":3,"6":3,"7":3,"8":3,"9":3,"10":1,"11":3},"f":{"0":1},"b":{},"_coverageSchema":"1a1c01bbd47fc00a2c39e90264f33305004495a9","hash":"bc5ef7e7938c154f255723989f6f4af714779acd"}
,"/code/controllers/habits.js": {"path":"/code/controllers/habits.js","statementMap":{"0":{"start":{"line":1,"column":14},"end":{"line":1,"column":40}},"1":{"start":{"line":4,"column":2},"end":{"line":9,"column":3}},"2":{"start":{"line":5,"column":18},"end":{"line":5,"column":51}},"3":{"start":{"line":6,"column":4},"end":{"line":6,"column":36}},"4":{"start":{"line":8,"column":4},"end":{"line":8,"column":65}},"5":{"start":{"line":13,"column":2},"end":{"line":18,"column":3}},"6":{"start":{"line":14,"column":18},"end":{"line":14,"column":61}},"7":{"start":{"line":15,"column":4},"end":{"line":15,"column":32}},"8":{"start":{"line":17,"column":4},"end":{"line":17,"column":72}},"9":{"start":{"line":22,"column":2},"end":{"line":27,"column":3}},"10":{"start":{"line":23,"column":18},"end":{"line":23,"column":55}},"11":{"start":{"line":24,"column":4},"end":{"line":24,"column":32}},"12":{"start":{"line":26,"column":4},"end":{"line":26,"column":69}},"13":{"start":{"line":31,"column":2},"end":{"line":39,"column":3}},"14":{"start":{"line":34,"column":19},"end":{"line":34,"column":64}},"15":{"start":{"line":35,"column":4},"end":{"line":35,"column":24}},"16":{"start":{"line":36,"column":4},"end":{"line":36,"column":33}},"17":{"start":{"line":38,"column":4},"end":{"line":38,"column":43}},"18":{"start":{"line":43,"column":2},"end":{"line":48,"column":3}},"19":{"start":{"line":44,"column":18},"end":{"line":44,"column":54}},"20":{"start":{"line":45,"column":4},"end":{"line":45,"column":47}},"21":{"start":{"line":47,"column":4},"end":{"line":47,"column":34}},"22":{"start":{"line":51,"column":0},"end":{"line":57,"column":2}}},"fnMap":{"0":{"name":"createHabit","decl":{"start":{"line":3,"column":15},"end":{"line":3,"column":26}},"loc":{"start":{"line":3,"column":37},"end":{"line":10,"column":1}},"line":3},"1":{"name":"filterHabitsByEmail","decl":{"start":{"line":12,"column":15},"end":{"line":12,"column":34}},"loc":{"start":{"line":12,"column":45},"end":{"line":19,"column":1}},"line":12},"2":{"name":"findHabitById","decl":{"start":{"line":21,"column":15},"end":{"line":21,"column":28}},"loc":{"start":{"line":21,"column":39},"end":{"line":28,"column":1}},"line":21},"3":{"name":"increaseRepCounter","decl":{"start":{"line":30,"column":15},"end":{"line":30,"column":33}},"loc":{"start":{"line":30,"column":44},"end":{"line":40,"column":1}},"line":30},"4":{"name":"deleteHabit","decl":{"start":{"line":42,"column":15},"end":{"line":42,"column":26}},"loc":{"start":{"line":42,"column":37},"end":{"line":49,"column":1}},"line":42}},"branchMap":{},"s":{"0":3,"1":6,"2":6,"3":5,"4":1,"5":0,"6":0,"7":0,"8":0,"9":2,"10":2,"11":0,"12":2,"13":2,"14":2,"15":1,"16":1,"17":1,"18":1,"19":1,"20":1,"21":0,"22":3},"f":{"0":6,"1":0,"2":2,"3":2,"4":1},"b":{},"_coverageSchema":"1a1c01bbd47fc00a2c39e90264f33305004495a9","hash":"c5fe34b268d86651779c9556c5aebf7bd7c2f107"}
,"/code/controllers/users.js": {"path":"/code/controllers/users.js","statementMap":{"0":{"start":{"line":1,"column":13},"end":{"line":1,"column":38}},"1":{"start":{"line":2,"column":15},"end":{"line":2,"column":34}},"2":{"start":{"line":3,"column":12},"end":{"line":3,"column":35}},"3":{"start":{"line":4,"column":0},"end":{"line":4,"column":27}},"4":{"start":{"line":8,"column":2},"end":{"line":18,"column":3}},"5":{"start":{"line":9,"column":17},"end":{"line":9,"column":39}},"6":{"start":{"line":10,"column":19},"end":{"line":10,"column":65}},"7":{"start":{"line":11,"column":20},"end":{"line":14,"column":6}},"8":{"start":{"line":15,"column":4},"end":{"line":15,"column":34}},"9":{"start":{"line":17,"column":4},"end":{"line":17,"column":60}},"10":{"start":{"line":22,"column":2},"end":{"line":54,"column":3}},"11":{"start":{"line":23,"column":15},"end":{"line":23,"column":53}},"12":{"start":{"line":24,"column":4},"end":{"line":26,"column":5}},"13":{"start":{"line":25,"column":6},"end":{"line":25,"column":49}},"14":{"start":{"line":27,"column":26},"end":{"line":30,"column":5}},"15":{"start":{"line":31,"column":4},"end":{"line":51,"column":5}},"16":{"start":{"line":32,"column":22},"end":{"line":32,"column":68}},"17":{"start":{"line":33,"column":6},"end":{"line":38,"column":8}},"18":{"start":{"line":40,"column":8},"end":{"line":42,"column":9}},"19":{"start":{"line":41,"column":10},"end":{"line":41,"column":58}},"20":{"start":{"line":43,"column":8},"end":{"line":47,"column":11}},"21":{"start":{"line":50,"column":6},"end":{"line":50,"column":57}},"22":{"start":{"line":53,"column":4},"end":{"line":53,"column":67}},"23":{"start":{"line":57,"column":0},"end":{"line":57,"column":39}}},"fnMap":{"0":{"name":"createUser","decl":{"start":{"line":6,"column":15},"end":{"line":6,"column":25}},"loc":{"start":{"line":6,"column":36},"end":{"line":19,"column":1}},"line":6},"1":{"name":"login","decl":{"start":{"line":21,"column":15},"end":{"line":21,"column":20}},"loc":{"start":{"line":21,"column":31},"end":{"line":55,"column":1}},"line":21},"2":{"name":"sendToken","decl":{"start":{"line":39,"column":15},"end":{"line":39,"column":24}},"loc":{"start":{"line":39,"column":37},"end":{"line":48,"column":7}},"line":39}},"branchMap":{"0":{"loc":{"start":{"line":24,"column":4},"end":{"line":26,"column":5}},"type":"if","locations":[{"start":{"line":24,"column":4},"end":{"line":26,"column":5}},{"start":{},"end":{}}],"line":24},"1":{"loc":{"start":{"line":31,"column":4},"end":{"line":51,"column":5}},"type":"if","locations":[{"start":{"line":31,"column":4},"end":{"line":51,"column":5}},{"start":{"line":49,"column":11},"end":{"line":51,"column":5}}],"line":31},"2":{"loc":{"start":{"line":40,"column":8},"end":{"line":42,"column":9}},"type":"if","locations":[{"start":{"line":40,"column":8},"end":{"line":42,"column":9}},{"start":{},"end":{}}],"line":40}},"s":{"0":3,"1":3,"2":3,"3":3,"4":4,"5":4,"6":4,"7":3,"8":3,"9":1,"10":3,"11":3,"12":2,"13":0,"14":2,"15":2,"16":1,"17":1,"18":1,"19":0,"20":1,"21":1,"22":2,"23":3},"f":{"0":4,"1":3,"2":1},"b":{"0":[0,2],"1":[1,1],"2":[0,1]},"_coverageSchema":"1a1c01bbd47fc00a2c39e90264f33305004495a9","hash":"9701e32565e9b65893234313ca370cb6f0811700"}
,"/code/db_config/config.js": {"path":"/code/db_config/config.js","statementMap":{"0":{"start":{"line":1,"column":17},"end":{"line":1,"column":30}},"1":{"start":{"line":3,"column":13},"end":{"line":3,"column":23}},"2":{"start":{"line":5,"column":0},"end":{"line":5,"column":22}}},"fnMap":{},"branchMap":{},"s":{"0":3,"1":3,"2":3},"f":{},"b":{},"_coverageSchema":"1a1c01bbd47fc00a2c39e90264f33305004495a9","hash":"083bba6bf3421cc4ee6a13909ec35f95b2d69dd7"}
,"/code/middleware/verifytoken.js": {"path":"/code/middleware/verifytoken.js","statementMap":{"0":{"start":{"line":1,"column":12},"end":{"line":1,"column":35}},"1":{"start":{"line":4,"column":17},"end":{"line":4,"column":45}},"2":{"start":{"line":5,"column":2},"end":{"line":16,"column":3}},"3":{"start":{"line":6,"column":18},"end":{"line":6,"column":38}},"4":{"start":{"line":7,"column":4},"end":{"line":13,"column":7}},"5":{"start":{"line":8,"column":6},"end":{"line":12,"column":7}},"6":{"start":{"line":9,"column":8},"end":{"line":9,"column":34}},"7":{"start":{"line":11,"column":8},"end":{"line":11,"column":15}},"8":{"start":{"line":15,"column":4},"end":{"line":15,"column":57}},"9":{"start":{"line":19,"column":0},"end":{"line":19,"column":33}}},"fnMap":{"0":{"name":"verifyToken","decl":{"start":{"line":3,"column":9},"end":{"line":3,"column":20}},"loc":{"start":{"line":3,"column":37},"end":{"line":17,"column":1}},"line":3},"1":{"name":"(anonymous_1)","decl":{"start":{"line":7,"column":55},"end":{"line":7,"column":56}},"loc":{"start":{"line":7,"column":70},"end":{"line":13,"column":5}},"line":7}},"branchMap":{"0":{"loc":{"start":{"line":5,"column":2},"end":{"line":16,"column":3}},"type":"if","locations":[{"start":{"line":5,"column":2},"end":{"line":16,"column":3}},{"start":{"line":14,"column":9},"end":{"line":16,"column":3}}],"line":5},"1":{"loc":{"start":{"line":8,"column":6},"end":{"line":12,"column":7}},"type":"if","locations":[{"start":{"line":8,"column":6},"end":{"line":12,"column":7}},{"start":{"line":10,"column":13},"end":{"line":12,"column":7}}],"line":8}},"s":{"0":3,"1":2,"2":2,"3":0,"4":0,"5":0,"6":0,"7":0,"8":2,"9":3},"f":{"0":2,"1":0},"b":{"0":[0,2],"1":[0,0]},"_coverageSchema":"1a1c01bbd47fc00a2c39e90264f33305004495a9","hash":"3969a98c1e35b625e986a0f5b1ee3533256f7065"}
,"/code/models/habit.js": {"path":"/code/models/habit.js","statementMap":{"0":{"start":{"line":1,"column":11},"end":{"line":1,"column":41}},"1":{"start":{"line":2,"column":14},"end":{"line":2,"column":30}},"2":{"start":{"line":6,"column":4},"end":{"line":6,"column":22}},"3":{"start":{"line":7,"column":4},"end":{"line":7,"column":28}},"4":{"start":{"line":8,"column":4},"end":{"line":8,"column":34}},"5":{"start":{"line":9,"column":4},"end":{"line":9,"column":38}},"6":{"start":{"line":10,"column":4},"end":{"line":10,"column":46}},"7":{"start":{"line":11,"column":4},"end":{"line":11,"column":30}},"8":{"start":{"line":12,"column":4},"end":{"line":12,"column":36}},"9":{"start":{"line":29,"column":4},"end":{"line":52,"column":7}},"10":{"start":{"line":30,"column":6},"end":{"line":51,"column":7}},"11":{"start":{"line":32,"column":10},"end":{"line":32,"column":14}},"12":{"start":{"line":33,"column":32},"end":{"line":33,"column":43}},"13":{"start":{"line":34,"column":34},"end":{"line":34,"column":49}},"14":{"start":{"line":35,"column":29},"end":{"line":35,"column":36}},"15":{"start":{"line":36,"column":21},"end":{"line":46,"column":9}},"16":{"start":{"line":47,"column":20},"end":{"line":47,"column":45}},"17":{"start":{"line":48,"column":8},"end":{"line":48,"column":19}},"18":{"start":{"line":50,"column":8},"end":{"line":50,"column":37}},"19":{"start":{"line":56,"column":4},"end":{"line":68,"column":7}},"20":{"start":{"line":57,"column":6},"end":{"line":67,"column":7}},"21":{"start":{"line":58,"column":26},"end":{"line":58,"column":30}},"22":{"start":{"line":59,"column":21},"end":{"line":62,"column":9}},"23":{"start":{"line":63,"column":21},"end":{"line":63,"column":32}},"24":{"start":{"line":64,"column":8},"end":{"line":64,"column":20}},"25":{"start":{"line":66,"column":8},"end":{"line":66,"column":51}},"26":{"start":{"line":72,"column":4},"end":{"line":83,"column":7}},"27":{"start":{"line":73,"column":6},"end":{"line":82,"column":7}},"28":{"start":{"line":74,"column":21},"end":{"line":76,"column":10}},"29":{"start":{"line":77,"column":8},"end":{"line":77,"column":70}},"30":{"start":{"line":77,"column":35},"end":{"line":77,"column":70}},"31":{"start":{"line":78,"column":20},"end":{"line":78,"column":34}},"32":{"start":{"line":79,"column":8},"end":{"line":79,"column":19}},"33":{"start":{"line":81,"column":8},"end":{"line":81,"column":49}},"34":{"start":{"line":87,"column":4},"end":{"line":107,"column":7}},"35":{"start":{"line":88,"column":6},"end":{"line":106,"column":7}},"36":{"start":{"line":93,"column":26},"end":{"line":93,"column":55}},"37":{"start":{"line":94,"column":8},"end":{"line":103,"column":9}},"38":{"start":{"line":95,"column":10},"end":{"line":95,"column":31}},"39":{"start":{"line":97,"column":32},"end":{"line":100,"column":11}},"40":{"start":{"line":102,"column":10},"end":{"line":102,"column":47}},"41":{"start":{"line":105,"column":8},"end":{"line":105,"column":60}},"42":{"start":{"line":111,"column":4},"end":{"line":120,"column":7}},"43":{"start":{"line":112,"column":6},"end":{"line":119,"column":7}},"44":{"start":{"line":113,"column":23},"end":{"line":115,"column":10}},"45":{"start":{"line":116,"column":8},"end":{"line":116,"column":33}},"46":{"start":{"line":118,"column":8},"end":{"line":118,"column":42}},"47":{"start":{"line":124,"column":0},"end":{"line":124,"column":23}}},"fnMap":{"0":{"name":"(anonymous_0)","decl":{"start":{"line":5,"column":2},"end":{"line":5,"column":3}},"loc":{"start":{"line":5,"column":20},"end":{"line":14,"column":3}},"line":5},"1":{"name":"(anonymous_1)","decl":{"start":{"line":28,"column":2},"end":{"line":28,"column":3}},"loc":{"start":{"line":28,"column":27},"end":{"line":53,"column":3}},"line":28},"2":{"name":"(anonymous_2)","decl":{"start":{"line":29,"column":23},"end":{"line":29,"column":24}},"loc":{"start":{"line":29,"column":43},"end":{"line":52,"column":5}},"line":29},"3":{"name":"(anonymous_3)","decl":{"start":{"line":55,"column":2},"end":{"line":55,"column":3}},"loc":{"start":{"line":55,"column":35},"end":{"line":69,"column":3}},"line":55},"4":{"name":"(anonymous_4)","decl":{"start":{"line":56,"column":23},"end":{"line":56,"column":24}},"loc":{"start":{"line":56,"column":43},"end":{"line":68,"column":5}},"line":56},"5":{"name":"(anonymous_5)","decl":{"start":{"line":71,"column":2},"end":{"line":71,"column":3}},"loc":{"start":{"line":71,"column":27},"end":{"line":84,"column":3}},"line":71},"6":{"name":"(anonymous_6)","decl":{"start":{"line":72,"column":23},"end":{"line":72,"column":24}},"loc":{"start":{"line":72,"column":43},"end":{"line":83,"column":5}},"line":72},"7":{"name":"(anonymous_7)","decl":{"start":{"line":86,"column":2},"end":{"line":86,"column":3}},"loc":{"start":{"line":86,"column":32},"end":{"line":108,"column":3}},"line":86},"8":{"name":"(anonymous_8)","decl":{"start":{"line":87,"column":23},"end":{"line":87,"column":24}},"loc":{"start":{"line":87,"column":43},"end":{"line":107,"column":5}},"line":87},"9":{"name":"(anonymous_9)","decl":{"start":{"line":110,"column":2},"end":{"line":110,"column":3}},"loc":{"start":{"line":110,"column":25},"end":{"line":121,"column":3}},"line":110},"10":{"name":"(anonymous_10)","decl":{"start":{"line":111,"column":23},"end":{"line":111,"column":24}},"loc":{"start":{"line":111,"column":43},"end":{"line":120,"column":5}},"line":111}},"branchMap":{"0":{"loc":{"start":{"line":77,"column":8},"end":{"line":77,"column":70}},"type":"if","locations":[{"start":{"line":77,"column":8},"end":{"line":77,"column":70}},{"start":{},"end":{}}],"line":77},"1":{"loc":{"start":{"line":94,"column":8},"end":{"line":103,"column":9}},"type":"if","locations":[{"start":{"line":94,"column":8},"end":{"line":103,"column":9}},{"start":{"line":96,"column":15},"end":{"line":103,"column":9}}],"line":94}},"s":{"0":3,"1":3,"2":5,"3":5,"4":5,"5":5,"6":5,"7":5,"8":5,"9":6,"10":6,"11":6,"12":6,"13":6,"14":6,"15":6,"16":5,"17":5,"18":1,"19":0,"20":0,"21":0,"22":0,"23":0,"24":0,"25":0,"26":4,"27":4,"28":4,"29":2,"30":1,"31":1,"32":1,"33":3,"34":2,"35":2,"36":2,"37":1,"38":0,"39":1,"40":1,"41":1,"42":1,"43":1,"44":1,"45":1,"46":0,"47":3},"f":{"0":5,"1":6,"2":6,"3":0,"4":0,"5":4,"6":4,"7":2,"8":2,"9":1,"10":1},"b":{"0":[1,1],"1":[0,1]},"_coverageSchema":"1a1c01bbd47fc00a2c39e90264f33305004495a9","hash":"20a549cfded240efc8a809586fcd7a83ac987c49"}
,"/code/models/user.js": {"path":"/code/models/user.js","statementMap":{"0":{"start":{"line":1,"column":11},"end":{"line":1,"column":41}},"1":{"start":{"line":5,"column":8},"end":{"line":5,"column":37}},"2":{"start":{"line":6,"column":8},"end":{"line":6,"column":31}},"3":{"start":{"line":7,"column":8},"end":{"line":7,"column":45}},"4":{"start":{"line":12,"column":8},"end":{"line":25,"column":10}},"5":{"start":{"line":13,"column":12},"end":{"line":23,"column":13}},"6":{"start":{"line":14,"column":56},"end":{"line":14,"column":60}},"7":{"start":{"line":16,"column":31},"end":{"line":16,"column":166}},"8":{"start":{"line":17,"column":27},"end":{"line":17,"column":53}},"9":{"start":{"line":19,"column":16},"end":{"line":19,"column":29}},"10":{"start":{"line":21,"column":16},"end":{"line":21,"column":43}},"11":{"start":{"line":30,"column":8},"end":{"line":38,"column":10}},"12":{"start":{"line":31,"column":12},"end":{"line":37,"column":13}},"13":{"start":{"line":32,"column":31},"end":{"line":32,"column":97}},"14":{"start":{"line":33,"column":27},"end":{"line":33,"column":53}},"15":{"start":{"line":34,"column":16},"end":{"line":34,"column":29}},"16":{"start":{"line":36,"column":16},"end":{"line":36,"column":47}},"17":{"start":{"line":42,"column":0},"end":{"line":42,"column":21}}},"fnMap":{"0":{"name":"(anonymous_0)","decl":{"start":{"line":4,"column":4},"end":{"line":4,"column":5}},"loc":{"start":{"line":4,"column":22},"end":{"line":8,"column":5}},"line":4},"1":{"name":"(anonymous_1)","decl":{"start":{"line":11,"column":4},"end":{"line":11,"column":5}},"loc":{"start":{"line":11,"column":28},"end":{"line":27,"column":5}},"line":11},"2":{"name":"(anonymous_2)","decl":{"start":{"line":12,"column":27},"end":{"line":12,"column":28}},"loc":{"start":{"line":12,"column":54},"end":{"line":25,"column":9}},"line":12},"3":{"name":"(anonymous_3)","decl":{"start":{"line":29,"column":4},"end":{"line":29,"column":5}},"loc":{"start":{"line":29,"column":31},"end":{"line":39,"column":5}},"line":29},"4":{"name":"(anonymous_4)","decl":{"start":{"line":30,"column":27},"end":{"line":30,"column":28}},"loc":{"start":{"line":30,"column":54},"end":{"line":38,"column":9}},"line":30}},"branchMap":{},"s":{"0":3,"1":6,"2":5,"3":5,"4":3,"5":3,"6":3,"7":3,"8":3,"9":3,"10":0,"11":3,"12":3,"13":3,"14":3,"15":2,"16":1,"17":3},"f":{"0":6,"1":3,"2":3,"3":3,"4":3},"b":{},"_coverageSchema":"1a1c01bbd47fc00a2c39e90264f33305004495a9","hash":"34edb95b11c78290de70a1d7e7e8aad49371cf06"}
,"/code/routes/habitRoutes.js": {"path":"/code/routes/habitRoutes.js","statementMap":{"0":{"start":{"line":1,"column":16},"end":{"line":1,"column":34}},"1":{"start":{"line":2,"column":15},"end":{"line":2,"column":31}},"2":{"start":{"line":3,"column":24},"end":{"line":3,"column":56}},"3":{"start":{"line":4,"column":24},"end":{"line":4,"column":60}},"4":{"start":{"line":6,"column":0},"end":{"line":6,"column":46}},"5":{"start":{"line":7,"column":0},"end":{"line":7,"column":72}},"6":{"start":{"line":8,"column":0},"end":{"line":8,"column":57}},"7":{"start":{"line":9,"column":0},"end":{"line":9,"column":56}},"8":{"start":{"line":10,"column":0},"end":{"line":10,"column":63}},"9":{"start":{"line":12,"column":0},"end":{"line":12,"column":24}}},"fnMap":{},"branchMap":{},"s":{"0":3,"1":3,"2":3,"3":3,"4":3,"5":3,"6":3,"7":3,"8":3,"9":3},"f":{},"b":{},"_coverageSchema":"1a1c01bbd47fc00a2c39e90264f33305004495a9","hash":"1fb82ba5a0dd19152cadbbec63806a0470b13bde"}
,"/code/routes/usersRoutes.js": {"path":"/code/routes/usersRoutes.js","statementMap":{"0":{"start":{"line":1,"column":16},"end":{"line":1,"column":34}},"1":{"start":{"line":2,"column":15},"end":{"line":2,"column":31}},"2":{"start":{"line":3,"column":23},"end":{"line":3,"column":54}},"3":{"start":{"line":6,"column":0},"end":{"line":6,"column":52}},"4":{"start":{"line":7,"column":0},"end":{"line":7,"column":44}},"5":{"start":{"line":9,"column":0},"end":{"line":9,"column":24}}},"fnMap":{},"branchMap":{},"s":{"0":3,"1":3,"2":3,"3":3,"4":3,"5":3},"f":{},"b":{},"_coverageSchema":"1a1c01bbd47fc00a2c39e90264f33305004495a9","hash":"f8ba65f8ee57a8bbd0f8b7f80b2f0d08b4f1112e"}
}
