TN:
SF:server.js
FN:14,(anonymous_0)
FNF:1
FNH:1
FNDA:1,(anonymous_0)
DA:1,3
DA:2,3
DA:3,3
DA:5,3
DA:6,3
DA:8,3
DA:9,3
DA:11,3
DA:12,3
DA:14,3
DA:16,3
LF:11
LH:11
BRF:0
BRH:0
end_of_record
TN:
SF:controllers/habits.js
FN:3,createHabit
FN:12,filterHabitsByEmail
FN:21,findHabitById
FN:30,increaseRepCounter
FN:42,deleteHabit
FNF:5
FNH:4
FNDA:6,createHabit
FNDA:0,filterHabitsByEmail
FNDA:2,findHabitById
FNDA:2,increaseRepCounter
FNDA:1,deleteHabit
DA:1,3
DA:4,6
DA:5,6
DA:6,5
DA:8,1
DA:13,0
DA:14,0
DA:15,0
DA:17,0
DA:22,2
DA:23,2
DA:24,0
DA:26,2
DA:31,2
DA:34,2
DA:35,1
DA:36,1
DA:38,1
DA:43,1
DA:44,1
DA:45,1
DA:47,0
DA:51,3
LF:23
LH:17
BRF:0
BRH:0
end_of_record
TN:
SF:controllers/users.js
FN:6,createUser
FN:21,login
FN:39,sendToken
FNF:3
FNH:3
FNDA:4,createUser
FNDA:3,login
FNDA:1,sendToken
DA:1,3
DA:2,3
DA:3,3
DA:4,3
DA:8,4
DA:9,4
DA:10,4
DA:11,3
DA:15,3
DA:17,1
DA:22,3
DA:23,3
DA:24,2
DA:25,0
DA:27,2
DA:31,2
DA:32,1
DA:33,1
DA:40,1
DA:41,0
DA:43,1
DA:50,1
DA:53,2
DA:57,3
LF:24
LH:22
BRDA:24,0,0,0
BRDA:24,0,1,2
BRDA:31,1,0,1
BRDA:31,1,1,1
BRDA:40,2,0,0
BRDA:40,2,1,1
BRF:6
BRH:4
end_of_record
TN:
SF:db_config/config.js
FNF:0
FNH:0
DA:1,3
DA:3,3
DA:5,3
LF:3
LH:3
BRF:0
BRH:0
end_of_record
TN:
SF:middleware/verifytoken.js
FN:3,verifyToken
FN:7,(anonymous_1)
FNF:2
FNH:1
FNDA:2,verifyToken
FNDA:0,(anonymous_1)
DA:1,3
DA:4,2
DA:5,2
DA:6,0
DA:7,0
DA:8,0
DA:9,0
DA:11,0
DA:15,2
DA:19,3
LF:10
LH:5
BRDA:5,0,0,0
BRDA:5,0,1,2
BRDA:8,1,0,0
BRDA:8,1,1,0
BRF:4
BRH:1
end_of_record
TN:
SF:models/habit.js
FN:5,(anonymous_0)
FN:28,(anonymous_1)
FN:29,(anonymous_2)
FN:55,(anonymous_3)
FN:56,(anonymous_4)
FN:71,(anonymous_5)
FN:72,(anonymous_6)
FN:86,(anonymous_7)
FN:87,(anonymous_8)
FN:110,(anonymous_9)
FN:111,(anonymous_10)
FNF:11
FNH:9
FNDA:5,(anonymous_0)
FNDA:6,(anonymous_1)
FNDA:6,(anonymous_2)
FNDA:0,(anonymous_3)
FNDA:0,(anonymous_4)
FNDA:4,(anonymous_5)
FNDA:4,(anonymous_6)
FNDA:2,(anonymous_7)
FNDA:2,(anonymous_8)
FNDA:1,(anonymous_9)
FNDA:1,(anonymous_10)
DA:1,3
DA:2,3
DA:6,5
DA:7,5
DA:8,5
DA:9,5
DA:10,5
DA:11,5
DA:12,5
DA:29,6
DA:30,6
DA:32,6
DA:33,6
DA:34,6
DA:35,6
DA:36,6
DA:47,5
DA:48,5
DA:50,1
DA:56,0
DA:57,0
DA:58,0
DA:59,0
DA:63,0
DA:64,0
DA:66,0
DA:72,4
DA:73,4
DA:74,4
DA:77,2
DA:78,1
DA:79,1
DA:81,3
DA:87,2
DA:88,2
DA:93,2
DA:94,1
DA:95,0
DA:97,1
DA:102,1
DA:105,1
DA:111,1
DA:112,1
DA:113,1
DA:116,1
DA:118,0
DA:124,3
LF:47
LH:38
BRDA:77,0,0,1
BRDA:77,0,1,1
BRDA:94,1,0,0
BRDA:94,1,1,1
BRF:4
BRH:3
end_of_record
TN:
SF:models/user.js
FN:4,(anonymous_0)
FN:11,(anonymous_1)
FN:12,(anonymous_2)
FN:29,(anonymous_3)
FN:30,(anonymous_4)
FNF:5
FNH:5
FNDA:6,(anonymous_0)
FNDA:3,(anonymous_1)
FNDA:3,(anonymous_2)
FNDA:3,(anonymous_3)
FNDA:3,(anonymous_4)
DA:1,3
DA:5,6
DA:6,5
DA:7,5
DA:12,3
DA:13,3
DA:14,3
DA:16,3
DA:17,3
DA:19,3
DA:21,0
DA:30,3
DA:31,3
DA:32,3
DA:33,3
DA:34,2
DA:36,1
DA:42,3
LF:18
LH:17
BRF:0
BRH:0
end_of_record
TN:
SF:routes/habitRoutes.js
FNF:0
FNH:0
DA:1,3
DA:2,3
DA:3,3
DA:4,3
DA:6,3
DA:7,3
DA:8,3
DA:9,3
DA:10,3
DA:12,3
LF:10
LH:10
BRF:0
BRH:0
end_of_record
TN:
SF:routes/usersRoutes.js
FNF:0
FNH:0
DA:1,3
DA:2,3
DA:3,3
DA:6,3
DA:7,3
DA:9,3
LF:6
LH:6
BRF:0
BRH:0
end_of_record
